<?xml version="1.0" encoding="UTF-8"?>
<coverage generated="1677530772920" clover="3.2.0">
  <project timestamp="1677530772920" name="All files">
    <metrics statements="108" coveredstatements="108" conditionals="41" coveredconditionals="41" methods="19" coveredmethods="19" elements="168" coveredelements="168" complexity="0" loc="108" ncloc="108" packages="2" files="15" classes="15"/>
    <package name="arrays">
      <metrics statements="66" coveredstatements="66" conditionals="21" coveredconditionals="21" methods="11" coveredmethods="11"/>
      <file name="chunk.js" path="/home/callum/Documents/RS School/custom-lodash/arrays/chunk.js">
        <metrics statements="9" coveredstatements="9" conditionals="5" coveredconditionals="5" methods="1" coveredmethods="1"/>
        <line num="13" count="3" type="stmt"/>
        <line num="14" count="3" type="stmt"/>
        <line num="16" count="3" type="stmt"/>
        <line num="17" count="18" type="stmt"/>
        <line num="18" count="18" type="cond" truecount="4" falsecount="0"/>
        <line num="19" count="11" type="stmt"/>
        <line num="20" count="11" type="stmt"/>
        <line num="23" count="3" type="stmt"/>
        <line num="26" count="1" type="stmt"/>
      </file>
      <file name="compact.js" path="/home/callum/Documents/RS School/custom-lodash/arrays/compact.js">
        <metrics statements="5" coveredstatements="5" conditionals="2" coveredconditionals="2" methods="1" coveredmethods="1"/>
        <line num="10" count="1" type="stmt"/>
        <line num="11" count="1" type="stmt"/>
        <line num="12" count="9" type="cond" truecount="2" falsecount="0"/>
        <line num="14" count="1" type="stmt"/>
        <line num="16" count="1" type="stmt"/>
      </file>
      <file name="drop.js" path="/home/callum/Documents/RS School/custom-lodash/arrays/drop.js">
        <metrics statements="5" coveredstatements="5" conditionals="1" coveredconditionals="1" methods="1" coveredmethods="1"/>
        <line num="10" count="3" type="stmt"/>
        <line num="11" count="3" type="stmt"/>
        <line num="12" count="11" type="stmt"/>
        <line num="14" count="3" type="stmt"/>
        <line num="16" count="2" type="stmt"/>
      </file>
      <file name="dropWhile.js" path="/home/callum/Documents/RS School/custom-lodash/arrays/dropWhile.js">
        <metrics statements="7" coveredstatements="7" conditionals="2" coveredconditionals="2" methods="1" coveredmethods="1"/>
        <line num="1" count="1" type="stmt"/>
        <line num="14" count="1" type="stmt"/>
        <line num="15" count="4" type="cond" truecount="2" falsecount="0"/>
        <line num="16" count="1" type="stmt"/>
        <line num="17" count="1" type="stmt"/>
        <line num="20" count="1" type="stmt"/>
        <line num="22" count="1" type="stmt"/>
      </file>
      <file name="filter.js" path="/home/callum/Documents/RS School/custom-lodash/arrays/filter.js">
        <metrics statements="6" coveredstatements="6" conditionals="2" coveredconditionals="2" methods="1" coveredmethods="1"/>
        <line num="10" count="1" type="stmt"/>
        <line num="11" count="1" type="stmt"/>
        <line num="12" count="7" type="stmt"/>
        <line num="13" count="7" type="cond" truecount="2" falsecount="0"/>
        <line num="15" count="1" type="stmt"/>
        <line num="18" count="1" type="stmt"/>
      </file>
      <file name="find.js" path="/home/callum/Documents/RS School/custom-lodash/arrays/find.js">
        <metrics statements="6" coveredstatements="6" conditionals="2" coveredconditionals="2" methods="1" coveredmethods="1"/>
        <line num="12" count="2" type="stmt"/>
        <line num="13" count="11" type="cond" truecount="2" falsecount="0"/>
        <line num="14" count="1" type="stmt"/>
        <line num="15" count="1" type="stmt"/>
        <line num="18" count="2" type="stmt"/>
        <line num="21" count="1" type="stmt"/>
      </file>
      <file name="includes.js" path="/home/callum/Documents/RS School/custom-lodash/arrays/includes.js">
        <metrics statements="8" coveredstatements="8" conditionals="6" coveredconditionals="6" methods="1" coveredmethods="1"/>
        <line num="11" count="10" type="cond" truecount="2" falsecount="0"/>
        <line num="12" count="2" type="stmt"/>
        <line num="13" count="2" type="cond" truecount="2" falsecount="0"/>
        <line num="14" count="1" type="stmt"/>
        <line num="16" count="8" type="stmt"/>
        <line num="17" count="20" type="cond" truecount="2" falsecount="0"/>
        <line num="19" count="3" type="stmt"/>
        <line num="22" count="3" type="stmt"/>
      </file>
      <file name="map.js" path="/home/callum/Documents/RS School/custom-lodash/arrays/map.js">
        <metrics statements="5" coveredstatements="5" conditionals="0" coveredconditionals="0" methods="1" coveredmethods="1"/>
        <line num="11" count="7" type="stmt"/>
        <line num="12" count="7" type="stmt"/>
        <line num="13" count="19" type="stmt"/>
        <line num="15" count="7" type="stmt"/>
        <line num="17" count="3" type="stmt"/>
      </file>
      <file name="take.js" path="/home/callum/Documents/RS School/custom-lodash/arrays/take.js">
        <metrics statements="5" coveredstatements="5" conditionals="1" coveredconditionals="1" methods="1" coveredmethods="1"/>
        <line num="10" count="2" type="stmt"/>
        <line num="11" count="2" type="stmt"/>
        <line num="12" count="4" type="stmt"/>
        <line num="14" count="2" type="stmt"/>
        <line num="17" count="1" type="stmt"/>
      </file>
      <file name="zip.js" path="/home/callum/Documents/RS School/custom-lodash/arrays/zip.js">
        <metrics statements="10" coveredstatements="10" conditionals="0" coveredconditionals="0" methods="2" coveredmethods="2"/>
        <line num="1" count="1" type="stmt"/>
        <line num="12" count="3" type="stmt"/>
        <line num="13" count="1" type="stmt"/>
        <line num="15" count="1" type="stmt"/>
        <line num="16" count="3" type="stmt"/>
        <line num="17" count="3" type="stmt"/>
        <line num="18" count="9" type="stmt"/>
        <line num="20" count="3" type="stmt"/>
        <line num="22" count="1" type="stmt"/>
        <line num="25" count="1" type="stmt"/>
      </file>
    </package>
    <package name="objects">
      <metrics statements="42" coveredstatements="42" conditionals="20" coveredconditionals="20" methods="8" coveredmethods="8"/>
      <file name="merge.js" path="/home/callum/Documents/RS School/custom-lodash/objects/merge.js">
        <metrics statements="16" coveredstatements="16" conditionals="12" coveredconditionals="12" methods="4" coveredmethods="4"/>
        <line num="1" count="1" type="stmt"/>
        <line num="12" count="13" type="stmt"/>
        <line num="13" count="15" type="stmt"/>
        <line num="14" count="15" type="cond" truecount="2" falsecount="0"/>
        <line num="15" count="14" type="stmt"/>
        <line num="18" count="13" type="stmt"/>
        <line num="22" count="29" type="cond" truecount="2" falsecount="0"/>
        <line num="26" count="24" type="cond" truecount="4" falsecount="0"/>
        <line num="28" count="5" type="stmt"/>
        <line num="29" count="5" type="stmt"/>
        <line num="30" count="10" type="stmt"/>
        <line num="31" count="10" type="stmt"/>
        <line num="33" count="19" type="cond" truecount="4" falsecount="0"/>
        <line num="34" count="10" type="stmt"/>
        <line num="36" count="9" type="stmt"/>
        <line num="39" count="1" type="stmt"/>
      </file>
      <file name="omit.js" path="/home/callum/Documents/RS School/custom-lodash/objects/omit.js">
        <metrics statements="7" coveredstatements="7" conditionals="2" coveredconditionals="2" methods="1" coveredmethods="1"/>
        <line num="1" count="1" type="stmt"/>
        <line num="4" count="1" type="stmt"/>
        <line num="5" count="1" type="stmt"/>
        <line num="6" count="1" type="stmt"/>
        <line num="7" count="3" type="cond" truecount="2" falsecount="0"/>
        <line num="9" count="1" type="stmt"/>
        <line num="12" count="1" type="stmt"/>
      </file>
      <file name="omitBy.js" path="/home/callum/Documents/RS School/custom-lodash/objects/omitBy.js">
        <metrics statements="6" coveredstatements="6" conditionals="2" coveredconditionals="2" methods="1" coveredmethods="1"/>
        <line num="2" count="1" type="stmt"/>
        <line num="3" count="1" type="stmt"/>
        <line num="4" count="1" type="stmt"/>
        <line num="5" count="3" type="cond" truecount="2" falsecount="0"/>
        <line num="7" count="1" type="stmt"/>
        <line num="10" count="1" type="stmt"/>
      </file>
      <file name="pick.js" path="/home/callum/Documents/RS School/custom-lodash/objects/pick.js">
        <metrics statements="7" coveredstatements="7" conditionals="2" coveredconditionals="2" methods="1" coveredmethods="1"/>
        <line num="1" count="1" type="stmt"/>
        <line num="4" count="1" type="stmt"/>
        <line num="6" count="1" type="stmt"/>
        <line num="7" count="1" type="stmt"/>
        <line num="8" count="3" type="cond" truecount="2" falsecount="0"/>
        <line num="10" count="1" type="stmt"/>
        <line num="12" count="1" type="stmt"/>
      </file>
      <file name="pickBy.js" path="/home/callum/Documents/RS School/custom-lodash/objects/pickBy.js">
        <metrics statements="6" coveredstatements="6" conditionals="2" coveredconditionals="2" methods="1" coveredmethods="1"/>
        <line num="2" count="1" type="stmt"/>
        <line num="3" count="1" type="stmt"/>
        <line num="4" count="1" type="stmt"/>
        <line num="5" count="3" type="cond" truecount="2" falsecount="0"/>
        <line num="7" count="1" type="stmt"/>
        <line num="10" count="1" type="stmt"/>
      </file>
    </package>
  </project>
</coverage>
