{"/home/callum/Documents/RS School/custom-lodash/arrays/chunk.js": {"path":"/home/callum/Documents/RS School/custom-lodash/arrays/chunk.js","statementMap":{"0":{"start":{"line":13,"column":15},"end":{"line":13,"column":17}},"1":{"start":{"line":14,"column":16},"end":{"line":14,"column":18}},"2":{"start":{"line":16,"column":2},"end":{"line":22,"column":3}},"3":{"start":{"line":16,"column":15},"end":{"line":16,"column":16}},"4":{"start":{"line":17,"column":4},"end":{"line":17,"column":39}},"5":{"start":{"line":18,"column":4},"end":{"line":21,"column":5}},"6":{"start":{"line":19,"column":6},"end":{"line":19,"column":36}},"7":{"start":{"line":20,"column":6},"end":{"line":20,"column":19}},"8":{"start":{"line":23,"column":2},"end":{"line":23,"column":16}},"9":{"start":{"line":26,"column":0},"end":{"line":26,"column":23}}},"fnMap":{"0":{"name":"chunk","decl":{"start":{"line":12,"column":9},"end":{"line":12,"column":14}},"loc":{"start":{"line":12,"column":30},"end":{"line":24,"column":1}},"line":12}},"branchMap":{"0":{"loc":{"start":{"line":12,"column":20},"end":{"line":12,"column":28}},"type":"default-arg","locations":[{"start":{"line":12,"column":27},"end":{"line":12,"column":28}}],"line":12},"1":{"loc":{"start":{"line":18,"column":4},"end":{"line":21,"column":5}},"type":"if","locations":[{"start":{"line":18,"column":4},"end":{"line":21,"column":5}},{"start":{},"end":{}}],"line":18},"2":{"loc":{"start":{"line":18,"column":8},"end":{"line":18,"column":42}},"type":"binary-expr","locations":[{"start":{"line":18,"column":8},"end":{"line":18,"column":22}},{"start":{"line":18,"column":26},"end":{"line":18,"column":42}}],"line":18}},"s":{"0":3,"1":3,"2":3,"3":3,"4":18,"5":18,"6":11,"7":11,"8":3,"9":1},"f":{"0":3},"b":{"0":[1],"1":[11,7],"2":[18,8]},"_coverageSchema":"1a1c01bbd47fc00a2c39e90264f33305004495a9","hash":"1adbd3b903fcf296771fd624dd933c1543e7f231"}
,"/home/callum/Documents/RS School/custom-lodash/arrays/compact.js": {"path":"/home/callum/Documents/RS School/custom-lodash/arrays/compact.js","statementMap":{"0":{"start":{"line":10,"column":15},"end":{"line":10,"column":17}},"1":{"start":{"line":11,"column":2},"end":{"line":13,"column":3}},"2":{"start":{"line":11,"column":15},"end":{"line":11,"column":16}},"3":{"start":{"line":12,"column":4},"end":{"line":12,"column":45}},"4":{"start":{"line":12,"column":16},"end":{"line":12,"column":45}},"5":{"start":{"line":14,"column":2},"end":{"line":14,"column":16}},"6":{"start":{"line":16,"column":0},"end":{"line":16,"column":25}}},"fnMap":{"0":{"name":"compact","decl":{"start":{"line":9,"column":9},"end":{"line":9,"column":16}},"loc":{"start":{"line":9,"column":22},"end":{"line":15,"column":1}},"line":9}},"branchMap":{"0":{"loc":{"start":{"line":12,"column":4},"end":{"line":12,"column":45}},"type":"if","locations":[{"start":{"line":12,"column":4},"end":{"line":12,"column":45}},{"start":{},"end":{}}],"line":12}},"s":{"0":1,"1":1,"2":1,"3":9,"4":3,"5":1,"6":1},"f":{"0":1},"b":{"0":[3,6]},"_coverageSchema":"1a1c01bbd47fc00a2c39e90264f33305004495a9","hash":"ea46a8c1a9ad32862ae786e25a4fb96f65f0a91c"}
,"/home/callum/Documents/RS School/custom-lodash/arrays/drop.js": {"path":"/home/callum/Documents/RS School/custom-lodash/arrays/drop.js","statementMap":{"0":{"start":{"line":10,"column":17},"end":{"line":10,"column":19}},"1":{"start":{"line":11,"column":2},"end":{"line":13,"column":3}},"2":{"start":{"line":11,"column":15},"end":{"line":11,"column":16}},"3":{"start":{"line":12,"column":4},"end":{"line":12,"column":35}},"4":{"start":{"line":14,"column":2},"end":{"line":14,"column":16}},"5":{"start":{"line":16,"column":0},"end":{"line":16,"column":22}}},"fnMap":{"0":{"name":"drop","decl":{"start":{"line":9,"column":9},"end":{"line":9,"column":13}},"loc":{"start":{"line":9,"column":26},"end":{"line":15,"column":1}},"line":9}},"branchMap":{"0":{"loc":{"start":{"line":9,"column":19},"end":{"line":9,"column":24}},"type":"default-arg","locations":[{"start":{"line":9,"column":23},"end":{"line":9,"column":24}}],"line":9}},"s":{"0":3,"1":3,"2":3,"3":11,"4":3,"5":2},"f":{"0":3},"b":{"0":[1]},"_coverageSchema":"1a1c01bbd47fc00a2c39e90264f33305004495a9","hash":"c5489b4897ebcb842347e410309336dbeb1b6ac0"}
,"/home/callum/Documents/RS School/custom-lodash/arrays/dropWhile.js": {"path":"/home/callum/Documents/RS School/custom-lodash/arrays/dropWhile.js","statementMap":{"0":{"start":{"line":1,"column":13},"end":{"line":1,"column":30}},"1":{"start":{"line":14,"column":2},"end":{"line":19,"column":3}},"2":{"start":{"line":14,"column":15},"end":{"line":14,"column":16}},"3":{"start":{"line":15,"column":4},"end":{"line":18,"column":5}},"4":{"start":{"line":16,"column":6},"end":{"line":16,"column":16}},"5":{"start":{"line":17,"column":6},"end":{"line":17,"column":12}},"6":{"start":{"line":20,"column":2},"end":{"line":20,"column":26}},"7":{"start":{"line":22,"column":0},"end":{"line":22,"column":27}}},"fnMap":{"0":{"name":"dropWhile","decl":{"start":{"line":12,"column":9},"end":{"line":12,"column":18}},"loc":{"start":{"line":12,"column":35},"end":{"line":21,"column":1}},"line":12}},"branchMap":{"0":{"loc":{"start":{"line":15,"column":4},"end":{"line":18,"column":5}},"type":"if","locations":[{"start":{"line":15,"column":4},"end":{"line":18,"column":5}},{"start":{},"end":{}}],"line":15}},"s":{"0":1,"1":1,"2":1,"3":4,"4":1,"5":1,"6":1,"7":1},"f":{"0":1},"b":{"0":[1,3]},"_coverageSchema":"1a1c01bbd47fc00a2c39e90264f33305004495a9","hash":"8ca6d263e91735ea6ad509b9376cbd76982be95f"}
,"/home/callum/Documents/RS School/custom-lodash/arrays/filter.js": {"path":"/home/callum/Documents/RS School/custom-lodash/arrays/filter.js","statementMap":{"0":{"start":{"line":10,"column":17},"end":{"line":10,"column":19}},"1":{"start":{"line":11,"column":2},"end":{"line":14,"column":3}},"2":{"start":{"line":11,"column":15},"end":{"line":11,"column":16}},"3":{"start":{"line":12,"column":20},"end":{"line":12,"column":26}},"4":{"start":{"line":13,"column":4},"end":{"line":13,"column":60}},"5":{"start":{"line":13,"column":28},"end":{"line":13,"column":60}},"6":{"start":{"line":15,"column":2},"end":{"line":15,"column":16}},"7":{"start":{"line":18,"column":0},"end":{"line":18,"column":24}}},"fnMap":{"0":{"name":"filter","decl":{"start":{"line":9,"column":9},"end":{"line":9,"column":15}},"loc":{"start":{"line":9,"column":32},"end":{"line":16,"column":1}},"line":9}},"branchMap":{"0":{"loc":{"start":{"line":13,"column":4},"end":{"line":13,"column":60}},"type":"if","locations":[{"start":{"line":13,"column":4},"end":{"line":13,"column":60}},{"start":{},"end":{}}],"line":13}},"s":{"0":1,"1":1,"2":1,"3":7,"4":7,"5":4,"6":1,"7":1},"f":{"0":1},"b":{"0":[4,3]},"_coverageSchema":"1a1c01bbd47fc00a2c39e90264f33305004495a9","hash":"dceb5859de4f0d023625322ba8b982bede9b586b"}
,"/home/callum/Documents/RS School/custom-lodash/arrays/find.js": {"path":"/home/callum/Documents/RS School/custom-lodash/arrays/find.js","statementMap":{"0":{"start":{"line":12,"column":2},"end":{"line":17,"column":3}},"1":{"start":{"line":12,"column":15},"end":{"line":12,"column":16}},"2":{"start":{"line":13,"column":4},"end":{"line":16,"column":5}},"3":{"start":{"line":14,"column":6},"end":{"line":14,"column":23}},"4":{"start":{"line":15,"column":6},"end":{"line":15,"column":12}},"5":{"start":{"line":18,"column":2},"end":{"line":18,"column":17}},"6":{"start":{"line":21,"column":0},"end":{"line":21,"column":22}}},"fnMap":{"0":{"name":"find","decl":{"start":{"line":10,"column":9},"end":{"line":10,"column":13}},"loc":{"start":{"line":10,"column":30},"end":{"line":19,"column":1}},"line":10}},"branchMap":{"0":{"loc":{"start":{"line":13,"column":4},"end":{"line":16,"column":5}},"type":"if","locations":[{"start":{"line":13,"column":4},"end":{"line":16,"column":5}},{"start":{},"end":{}}],"line":13}},"s":{"0":2,"1":2,"2":11,"3":1,"4":1,"5":2,"6":1},"f":{"0":2},"b":{"0":[1,10]},"_coverageSchema":"1a1c01bbd47fc00a2c39e90264f33305004495a9","hash":"2dfddb5a92addc142e26a1df5abf97be4c09b2ac"}
,"/home/callum/Documents/RS School/custom-lodash/arrays/includes.js": {"path":"/home/callum/Documents/RS School/custom-lodash/arrays/includes.js","statementMap":{"0":{"start":{"line":11,"column":2},"end":{"line":15,"column":3}},"1":{"start":{"line":12,"column":18},"end":{"line":12,"column":42}},"2":{"start":{"line":13,"column":4},"end":{"line":13,"column":47}},"3":{"start":{"line":13,"column":34},"end":{"line":13,"column":47}},"4":{"start":{"line":14,"column":4},"end":{"line":14,"column":16}},"5":{"start":{"line":16,"column":2},"end":{"line":18,"column":3}},"6":{"start":{"line":16,"column":15},"end":{"line":16,"column":16}},"7":{"start":{"line":17,"column":4},"end":{"line":17,"column":40}},"8":{"start":{"line":17,"column":28},"end":{"line":17,"column":40}},"9":{"start":{"line":19,"column":2},"end":{"line":19,"column":15}},"10":{"start":{"line":22,"column":0},"end":{"line":22,"column":26}}},"fnMap":{"0":{"name":"includes","decl":{"start":{"line":10,"column":9},"end":{"line":10,"column":17}},"loc":{"start":{"line":10,"column":32},"end":{"line":20,"column":1}},"line":10}},"branchMap":{"0":{"loc":{"start":{"line":11,"column":2},"end":{"line":15,"column":3}},"type":"if","locations":[{"start":{"line":11,"column":2},"end":{"line":15,"column":3}},{"start":{},"end":{}}],"line":11},"1":{"loc":{"start":{"line":13,"column":4},"end":{"line":13,"column":47}},"type":"if","locations":[{"start":{"line":13,"column":4},"end":{"line":13,"column":47}},{"start":{},"end":{}}],"line":13},"2":{"loc":{"start":{"line":17,"column":4},"end":{"line":17,"column":40}},"type":"if","locations":[{"start":{"line":17,"column":4},"end":{"line":17,"column":40}},{"start":{},"end":{}}],"line":17}},"s":{"0":10,"1":2,"2":2,"3":1,"4":1,"5":8,"6":8,"7":20,"8":5,"9":3,"10":3},"f":{"0":10},"b":{"0":[2,8],"1":[1,1],"2":[5,15]},"_coverageSchema":"1a1c01bbd47fc00a2c39e90264f33305004495a9","hash":"fe01cdb1b342e3a5821bd32152c84fe97d57921b"}
,"/home/callum/Documents/RS School/custom-lodash/arrays/map.js": {"path":"/home/callum/Documents/RS School/custom-lodash/arrays/map.js","statementMap":{"0":{"start":{"line":11,"column":17},"end":{"line":11,"column":19}},"1":{"start":{"line":12,"column":2},"end":{"line":14,"column":3}},"2":{"start":{"line":12,"column":15},"end":{"line":12,"column":16}},"3":{"start":{"line":13,"column":4},"end":{"line":13,"column":41}},"4":{"start":{"line":15,"column":2},"end":{"line":15,"column":16}},"5":{"start":{"line":17,"column":0},"end":{"line":17,"column":21}}},"fnMap":{"0":{"name":"map","decl":{"start":{"line":10,"column":9},"end":{"line":10,"column":12}},"loc":{"start":{"line":10,"column":24},"end":{"line":16,"column":1}},"line":10}},"branchMap":{},"s":{"0":7,"1":7,"2":7,"3":19,"4":7,"5":3},"f":{"0":7},"b":{},"_coverageSchema":"1a1c01bbd47fc00a2c39e90264f33305004495a9","hash":"e6d6aacdacc81521ea6df3e7bb526c1362eee107"}
,"/home/callum/Documents/RS School/custom-lodash/arrays/take.js": {"path":"/home/callum/Documents/RS School/custom-lodash/arrays/take.js","statementMap":{"0":{"start":{"line":10,"column":17},"end":{"line":10,"column":19}},"1":{"start":{"line":11,"column":2},"end":{"line":13,"column":3}},"2":{"start":{"line":11,"column":15},"end":{"line":11,"column":16}},"3":{"start":{"line":12,"column":4},"end":{"line":12,"column":35}},"4":{"start":{"line":14,"column":2},"end":{"line":14,"column":16}},"5":{"start":{"line":17,"column":0},"end":{"line":17,"column":22}}},"fnMap":{"0":{"name":"take","decl":{"start":{"line":9,"column":9},"end":{"line":9,"column":13}},"loc":{"start":{"line":9,"column":26},"end":{"line":15,"column":1}},"line":9}},"branchMap":{"0":{"loc":{"start":{"line":9,"column":19},"end":{"line":9,"column":24}},"type":"default-arg","locations":[{"start":{"line":9,"column":23},"end":{"line":9,"column":24}}],"line":9}},"s":{"0":2,"1":2,"2":2,"3":4,"4":2,"5":1},"f":{"0":2},"b":{"0":[1]},"_coverageSchema":"1a1c01bbd47fc00a2c39e90264f33305004495a9","hash":"c35a9488f54789a0c10c8651574704bc1ca3707f"}
,"/home/callum/Documents/RS School/custom-lodash/arrays/zip.js": {"path":"/home/callum/Documents/RS School/custom-lodash/arrays/zip.js","statementMap":{"0":{"start":{"line":1,"column":12},"end":{"line":1,"column":28}},"1":{"start":{"line":12,"column":20},"end":{"line":12,"column":61}},"2":{"start":{"line":12,"column":51},"end":{"line":12,"column":59}},"3":{"start":{"line":13,"column":17},"end":{"line":13,"column":19}},"4":{"start":{"line":15,"column":2},"end":{"line":21,"column":3}},"5":{"start":{"line":15,"column":15},"end":{"line":15,"column":16}},"6":{"start":{"line":16,"column":21},"end":{"line":16,"column":23}},"7":{"start":{"line":17,"column":4},"end":{"line":19,"column":5}},"8":{"start":{"line":17,"column":17},"end":{"line":17,"column":18}},"9":{"start":{"line":18,"column":6},"end":{"line":18,"column":47}},"10":{"start":{"line":20,"column":4},"end":{"line":20,"column":37}},"11":{"start":{"line":22,"column":2},"end":{"line":22,"column":16}},"12":{"start":{"line":25,"column":0},"end":{"line":25,"column":21}}},"fnMap":{"0":{"name":"zip","decl":{"start":{"line":11,"column":9},"end":{"line":11,"column":12}},"loc":{"start":{"line":11,"column":24},"end":{"line":23,"column":1}},"line":11},"1":{"name":"(anonymous_1)","decl":{"start":{"line":12,"column":44},"end":{"line":12,"column":45}},"loc":{"start":{"line":12,"column":51},"end":{"line":12,"column":59}},"line":12}},"branchMap":{},"s":{"0":1,"1":1,"2":3,"3":1,"4":1,"5":1,"6":3,"7":3,"8":3,"9":9,"10":3,"11":1,"12":1},"f":{"0":1,"1":3},"b":{},"_coverageSchema":"1a1c01bbd47fc00a2c39e90264f33305004495a9","hash":"eeb432c3e637982c6b4575a3ce3d436f702eb9cb"}
,"/home/callum/Documents/RS School/custom-lodash/objects/merge.js": {"path":"/home/callum/Documents/RS School/custom-lodash/objects/merge.js","statementMap":{"0":{"start":{"line":1,"column":12},"end":{"line":1,"column":36}},"1":{"start":{"line":12,"column":2},"end":{"line":17,"column":3}},"2":{"start":{"line":13,"column":4},"end":{"line":16,"column":5}},"3":{"start":{"line":14,"column":6},"end":{"line":14,"column":40}},"4":{"start":{"line":14,"column":31},"end":{"line":14,"column":40}},"5":{"start":{"line":15,"column":6},"end":{"line":15,"column":51}},"6":{"start":{"line":18,"column":2},"end":{"line":18,"column":13}},"7":{"start":{"line":22,"column":2},"end":{"line":22,"column":58}},"8":{"start":{"line":26,"column":2},"end":{"line":33,"column":3}},"9":{"start":{"line":28,"column":16},"end":{"line":28,"column":18}},"10":{"start":{"line":29,"column":4},"end":{"line":32,"column":7}},"11":{"start":{"line":30,"column":6},"end":{"line":30,"column":17}},"12":{"start":{"line":31,"column":6},"end":{"line":31,"column":41}},"13":{"start":{"line":33,"column":4},"end":{"line":35,"column":3}},"14":{"start":{"line":34,"column":4},"end":{"line":34,"column":34}},"15":{"start":{"line":36,"column":2},"end":{"line":36,"column":18}},"16":{"start":{"line":39,"column":0},"end":{"line":39,"column":23}}},"fnMap":{"0":{"name":"merge","decl":{"start":{"line":11,"column":9},"end":{"line":11,"column":14}},"loc":{"start":{"line":11,"column":32},"end":{"line":19,"column":1}},"line":11},"1":{"name":"isObject","decl":{"start":{"line":21,"column":9},"end":{"line":21,"column":17}},"loc":{"start":{"line":21,"column":23},"end":{"line":23,"column":1}},"line":21},"2":{"name":"swapValues","decl":{"start":{"line":25,"column":9},"end":{"line":25,"column":19}},"loc":{"start":{"line":25,"column":37},"end":{"line":37,"column":1}},"line":25},"3":{"name":"(anonymous_3)","decl":{"start":{"line":29,"column":25},"end":{"line":29,"column":26}},"loc":{"start":{"line":29,"column":32},"end":{"line":32,"column":5}},"line":29}},"branchMap":{"0":{"loc":{"start":{"line":14,"column":6},"end":{"line":14,"column":40}},"type":"if","locations":[{"start":{"line":14,"column":6},"end":{"line":14,"column":40}},{"start":{},"end":{}}],"line":14},"1":{"loc":{"start":{"line":22,"column":9},"end":{"line":22,"column":57}},"type":"cond-expr","locations":[{"start":{"line":22,"column":15},"end":{"line":22,"column":49}},{"start":{"line":22,"column":52},"end":{"line":22,"column":57}}],"line":22},"2":{"loc":{"start":{"line":26,"column":2},"end":{"line":33,"column":3}},"type":"if","locations":[{"start":{"line":26,"column":2},"end":{"line":33,"column":3}},{"start":{},"end":{}}],"line":26},"3":{"loc":{"start":{"line":26,"column":6},"end":{"line":26,"column":53}},"type":"binary-expr","locations":[{"start":{"line":26,"column":6},"end":{"line":26,"column":26}},{"start":{"line":26,"column":30},"end":{"line":26,"column":53}}],"line":26},"4":{"loc":{"start":{"line":33,"column":4},"end":{"line":35,"column":3}},"type":"if","locations":[{"start":{"line":33,"column":4},"end":{"line":35,"column":3}},{"start":{},"end":{}}],"line":33},"5":{"loc":{"start":{"line":33,"column":8},"end":{"line":33,"column":45}},"type":"binary-expr","locations":[{"start":{"line":33,"column":8},"end":{"line":33,"column":23}},{"start":{"line":33,"column":27},"end":{"line":33,"column":45}}],"line":33}},"s":{"0":1,"1":13,"2":15,"3":15,"4":1,"5":14,"6":13,"7":29,"8":24,"9":5,"10":5,"11":10,"12":10,"13":19,"14":10,"15":9,"16":1},"f":{"0":13,"1":29,"2":24,"3":10},"b":{"0":[1,14],"1":[27,2],"2":[5,19],"3":[24,5],"4":[10,9],"5":[19,10]},"_coverageSchema":"1a1c01bbd47fc00a2c39e90264f33305004495a9","hash":"ea6ecd3640d816070f1964458846f75a96c5ed25"}
,"/home/callum/Documents/RS School/custom-lodash/objects/omit.js": {"path":"/home/callum/Documents/RS School/custom-lodash/objects/omit.js","statementMap":{"0":{"start":{"line":1,"column":17},"end":{"line":1,"column":46}},"1":{"start":{"line":4,"column":17},"end":{"line":4,"column":19}},"2":{"start":{"line":5,"column":15},"end":{"line":5,"column":31}},"3":{"start":{"line":6,"column":2},"end":{"line":8,"column":3}},"4":{"start":{"line":6,"column":15},"end":{"line":6,"column":16}},"5":{"start":{"line":7,"column":4},"end":{"line":7,"column":64}},"6":{"start":{"line":7,"column":33},"end":{"line":7,"column":64}},"7":{"start":{"line":9,"column":2},"end":{"line":9,"column":16}},"8":{"start":{"line":12,"column":0},"end":{"line":12,"column":22}}},"fnMap":{"0":{"name":"omit","decl":{"start":{"line":3,"column":9},"end":{"line":3,"column":13}},"loc":{"start":{"line":3,"column":24},"end":{"line":10,"column":1}},"line":3}},"branchMap":{"0":{"loc":{"start":{"line":7,"column":4},"end":{"line":7,"column":64}},"type":"if","locations":[{"start":{"line":7,"column":4},"end":{"line":7,"column":64}},{"start":{},"end":{}}],"line":7}},"s":{"0":1,"1":1,"2":1,"3":1,"4":1,"5":3,"6":1,"7":1,"8":1},"f":{"0":1},"b":{"0":[1,2]},"_coverageSchema":"1a1c01bbd47fc00a2c39e90264f33305004495a9","hash":"223179137cb3f1a24f8a8aa98c594677782fbcc2"}
,"/home/callum/Documents/RS School/custom-lodash/objects/omitBy.js": {"path":"/home/callum/Documents/RS School/custom-lodash/objects/omitBy.js","statementMap":{"0":{"start":{"line":2,"column":17},"end":{"line":2,"column":19}},"1":{"start":{"line":3,"column":15},"end":{"line":3,"column":31}},"2":{"start":{"line":4,"column":2},"end":{"line":6,"column":3}},"3":{"start":{"line":4,"column":15},"end":{"line":4,"column":16}},"4":{"start":{"line":5,"column":4},"end":{"line":5,"column":65}},"5":{"start":{"line":5,"column":34},"end":{"line":5,"column":65}},"6":{"start":{"line":7,"column":2},"end":{"line":7,"column":16}},"7":{"start":{"line":10,"column":0},"end":{"line":10,"column":24}}},"fnMap":{"0":{"name":"omitBy","decl":{"start":{"line":1,"column":9},"end":{"line":1,"column":15}},"loc":{"start":{"line":1,"column":32},"end":{"line":8,"column":1}},"line":1}},"branchMap":{"0":{"loc":{"start":{"line":5,"column":4},"end":{"line":5,"column":65}},"type":"if","locations":[{"start":{"line":5,"column":4},"end":{"line":5,"column":65}},{"start":{},"end":{}}],"line":5}},"s":{"0":1,"1":1,"2":1,"3":1,"4":3,"5":1,"6":1,"7":1},"f":{"0":1},"b":{"0":[1,2]},"_coverageSchema":"1a1c01bbd47fc00a2c39e90264f33305004495a9","hash":"bd4bcb82a3e6618448cccf6350225e9603672e72"}
,"/home/callum/Documents/RS School/custom-lodash/objects/pick.js": {"path":"/home/callum/Documents/RS School/custom-lodash/objects/pick.js","statementMap":{"0":{"start":{"line":1,"column":17},"end":{"line":1,"column":46}},"1":{"start":{"line":4,"column":17},"end":{"line":4,"column":19}},"2":{"start":{"line":6,"column":15},"end":{"line":6,"column":31}},"3":{"start":{"line":7,"column":2},"end":{"line":9,"column":3}},"4":{"start":{"line":7,"column":15},"end":{"line":7,"column":16}},"5":{"start":{"line":8,"column":4},"end":{"line":8,"column":65}},"6":{"start":{"line":8,"column":34},"end":{"line":8,"column":65}},"7":{"start":{"line":10,"column":2},"end":{"line":10,"column":16}},"8":{"start":{"line":12,"column":0},"end":{"line":12,"column":22}}},"fnMap":{"0":{"name":"pick","decl":{"start":{"line":3,"column":9},"end":{"line":3,"column":13}},"loc":{"start":{"line":3,"column":26},"end":{"line":11,"column":1}},"line":3}},"branchMap":{"0":{"loc":{"start":{"line":8,"column":4},"end":{"line":8,"column":65}},"type":"if","locations":[{"start":{"line":8,"column":4},"end":{"line":8,"column":65}},{"start":{},"end":{}}],"line":8}},"s":{"0":1,"1":1,"2":1,"3":1,"4":1,"5":3,"6":2,"7":1,"8":1},"f":{"0":1},"b":{"0":[2,1]},"_coverageSchema":"1a1c01bbd47fc00a2c39e90264f33305004495a9","hash":"ccc6dedbba736430376166fc479e79f801f555ea"}
,"/home/callum/Documents/RS School/custom-lodash/objects/pickBy.js": {"path":"/home/callum/Documents/RS School/custom-lodash/objects/pickBy.js","statementMap":{"0":{"start":{"line":2,"column":17},"end":{"line":2,"column":19}},"1":{"start":{"line":3,"column":15},"end":{"line":3,"column":31}},"2":{"start":{"line":4,"column":2},"end":{"line":6,"column":3}},"3":{"start":{"line":4,"column":15},"end":{"line":4,"column":16}},"4":{"start":{"line":5,"column":4},"end":{"line":5,"column":64}},"5":{"start":{"line":5,"column":33},"end":{"line":5,"column":64}},"6":{"start":{"line":7,"column":2},"end":{"line":7,"column":16}},"7":{"start":{"line":10,"column":0},"end":{"line":10,"column":24}}},"fnMap":{"0":{"name":"pickBy","decl":{"start":{"line":1,"column":9},"end":{"line":1,"column":15}},"loc":{"start":{"line":1,"column":32},"end":{"line":8,"column":1}},"line":1}},"branchMap":{"0":{"loc":{"start":{"line":5,"column":4},"end":{"line":5,"column":64}},"type":"if","locations":[{"start":{"line":5,"column":4},"end":{"line":5,"column":64}},{"start":{},"end":{}}],"line":5}},"s":{"0":1,"1":1,"2":1,"3":1,"4":3,"5":2,"6":1,"7":1},"f":{"0":1},"b":{"0":[2,1]},"_coverageSchema":"1a1c01bbd47fc00a2c39e90264f33305004495a9","hash":"b280b862d900e7180ed4f34cbf4768e03ad4b506"}
}
