TN:
SF:arrays/chunk.js
FN:12,chunk
FNF:1
FNH:1
FNDA:3,chunk
DA:13,3
DA:14,3
DA:16,3
DA:17,18
DA:18,18
DA:19,11
DA:20,11
DA:23,3
DA:26,1
LF:9
LH:9
BRDA:12,0,0,1
BRDA:18,1,0,11
BRDA:18,1,1,7
BRDA:18,2,0,18
BRDA:18,2,1,8
BRF:5
BRH:5
end_of_record
TN:
SF:arrays/compact.js
FN:9,compact
FNF:1
FNH:1
FNDA:1,compact
DA:10,1
DA:11,1
DA:12,9
DA:14,1
DA:16,1
LF:5
LH:5
BRDA:12,0,0,3
BRDA:12,0,1,6
BRF:2
BRH:2
end_of_record
TN:
SF:arrays/drop.js
FN:9,drop
FNF:1
FNH:1
FNDA:3,drop
DA:10,3
DA:11,3
DA:12,11
DA:14,3
DA:16,2
LF:5
LH:5
BRDA:9,0,0,1
BRF:1
BRH:1
end_of_record
TN:
SF:arrays/dropWhile.js
FN:12,dropWhile
FNF:1
FNH:1
FNDA:1,dropWhile
DA:1,1
DA:14,1
DA:15,4
DA:16,1
DA:17,1
DA:20,1
DA:22,1
LF:7
LH:7
BRDA:15,0,0,1
BRDA:15,0,1,3
BRF:2
BRH:2
end_of_record
TN:
SF:arrays/filter.js
FN:9,filter
FNF:1
FNH:1
FNDA:1,filter
DA:10,1
DA:11,1
DA:12,7
DA:13,7
DA:15,1
DA:18,1
LF:6
LH:6
BRDA:13,0,0,4
BRDA:13,0,1,3
BRF:2
BRH:2
end_of_record
TN:
SF:arrays/find.js
FN:10,find
FNF:1
FNH:1
FNDA:2,find
DA:12,2
DA:13,11
DA:14,1
DA:15,1
DA:18,2
DA:21,1
LF:6
LH:6
BRDA:13,0,0,1
BRDA:13,0,1,10
BRF:2
BRH:2
end_of_record
TN:
SF:arrays/includes.js
FN:10,includes
FNF:1
FNH:1
FNDA:10,includes
DA:11,10
DA:12,2
DA:13,2
DA:14,1
DA:16,8
DA:17,20
DA:19,3
DA:22,3
LF:8
LH:8
BRDA:11,0,0,2
BRDA:11,0,1,8
BRDA:13,1,0,1
BRDA:13,1,1,1
BRDA:17,2,0,5
BRDA:17,2,1,15
BRF:6
BRH:6
end_of_record
TN:
SF:arrays/map.js
FN:10,map
FNF:1
FNH:1
FNDA:7,map
DA:11,7
DA:12,7
DA:13,19
DA:15,7
DA:17,3
LF:5
LH:5
BRF:0
BRH:0
end_of_record
TN:
SF:arrays/take.js
FN:9,take
FNF:1
FNH:1
FNDA:2,take
DA:10,2
DA:11,2
DA:12,4
DA:14,2
DA:17,1
LF:5
LH:5
BRDA:9,0,0,1
BRF:1
BRH:1
end_of_record
TN:
SF:arrays/zip.js
FN:11,zip
FN:12,(anonymous_1)
FNF:2
FNH:2
FNDA:1,zip
FNDA:3,(anonymous_1)
DA:1,1
DA:12,3
DA:13,1
DA:15,1
DA:16,3
DA:17,3
DA:18,9
DA:20,3
DA:22,1
DA:25,1
LF:10
LH:10
BRF:0
BRH:0
end_of_record
TN:
SF:objects/merge.js
FN:11,merge
FN:21,isObject
FN:25,swapValues
FN:29,(anonymous_3)
FNF:4
FNH:4
FNDA:13,merge
FNDA:29,isObject
FNDA:24,swapValues
FNDA:10,(anonymous_3)
DA:1,1
DA:12,13
DA:13,15
DA:14,15
DA:15,14
DA:18,13
DA:22,29
DA:26,24
DA:28,5
DA:29,5
DA:30,10
DA:31,10
DA:33,19
DA:34,10
DA:36,9
DA:39,1
LF:16
LH:16
BRDA:14,0,0,1
BRDA:14,0,1,14
BRDA:22,1,0,27
BRDA:22,1,1,2
BRDA:26,2,0,5
BRDA:26,2,1,19
BRDA:26,3,0,24
BRDA:26,3,1,5
BRDA:33,4,0,10
BRDA:33,4,1,9
BRDA:33,5,0,19
BRDA:33,5,1,10
BRF:12
BRH:12
end_of_record
TN:
SF:objects/omit.js
FN:3,omit
FNF:1
FNH:1
FNDA:1,omit
DA:1,1
DA:4,1
DA:5,1
DA:6,1
DA:7,3
DA:9,1
DA:12,1
LF:7
LH:7
BRDA:7,0,0,1
BRDA:7,0,1,2
BRF:2
BRH:2
end_of_record
TN:
SF:objects/omitBy.js
FN:1,omitBy
FNF:1
FNH:1
FNDA:1,omitBy
DA:2,1
DA:3,1
DA:4,1
DA:5,3
DA:7,1
DA:10,1
LF:6
LH:6
BRDA:5,0,0,1
BRDA:5,0,1,2
BRF:2
BRH:2
end_of_record
TN:
SF:objects/pick.js
FN:3,pick
FNF:1
FNH:1
FNDA:1,pick
DA:1,1
DA:4,1
DA:6,1
DA:7,1
DA:8,3
DA:10,1
DA:12,1
LF:7
LH:7
BRDA:8,0,0,2
BRDA:8,0,1,1
BRF:2
BRH:2
end_of_record
TN:
SF:objects/pickBy.js
FN:1,pickBy
FNF:1
FNH:1
FNDA:1,pickBy
DA:2,1
DA:3,1
DA:4,1
DA:5,3
DA:7,1
DA:10,1
LF:6
LH:6
BRDA:5,0,0,2
BRDA:5,0,1,1
BRF:2
BRH:2
end_of_record
